2018/09/16 20:04:11 [error] [exception.CDbException] exception 'CDbException' with message 'CDbConnection failed to open the DB connection: SQLSTATE[HY000] [1045] Access denied for user 'pasharle'@'95-27-40-226.broadband.corbina.ru' (using password: YES)' in D:\Install\Yii 1.1.20\framework\db\CDbConnection.php:399
Stack trace:
#0 D:\Install\Yii 1.1.20\framework\db\CDbConnection.php(347): CDbConnection->open()
#1 D:\Install\Yii 1.1.20\framework\db\CDbConnection.php(325): CDbConnection->setActive(true)
#2 D:\Install\Yii 1.1.20\framework\base\CModule.php(394): CDbConnection->init()
#3 D:\Install\Yii 1.1.20\framework\base\CModule.php(103): CModule->getComponent('db')
#4 D:\Work\Home\LS\protected\views\site\index.php(23): CModule->__get('db')
#5 D:\Install\Yii 1.1.20\framework\web\CBaseController.php(126): require('D:\\Work\\Home\\LS...')
#6 D:\Install\Yii 1.1.20\framework\web\CBaseController.php(95): CBaseController->renderInternal('D:\\Work\\Home\\LS...', NULL, true)
#7 D:\Install\Yii 1.1.20\framework\web\CController.php(872): CBaseController->renderFile('D:\\Work\\Home\\LS...', NULL, true)
#8 D:\Install\Yii 1.1.20\framework\web\CController.php(785): CController->renderPartial('index', NULL, true)
#9 D:\Work\Home\LS\protected\controllers\SiteController.php(32): CController->render('index')
#10 D:\Install\Yii 1.1.20\framework\web\actions\CInlineAction.php(49): SiteController->actionIndex()
#11 D:\Install\Yii 1.1.20\framework\web\CController.php(308): CInlineAction->runWithParams(Array)
#12 D:\Install\Yii 1.1.20\framework\web\CController.php(286): CController->runAction(Object(CInlineAction))
#13 D:\Install\Yii 1.1.20\framework\web\CController.php(265): CController->runActionWithFilters(Object(CInlineAction), Array)
#14 D:\Install\Yii 1.1.20\framework\web\CWebApplication.php(282): CController->run('')
#15 D:\Install\Yii 1.1.20\framework\web\CWebApplication.php(141): CWebApplication->runController('')
#16 D:\Install\Yii 1.1.20\framework\base\CApplication.php(185): CWebApplication->processRequest()
#17 D:\Work\Home\LS\index.php(13): CApplication->run()
#18 {main}
REQUEST_URI=/
---
2018/09/16 20:08:35 [error] [exception.CHttpException.404] exception 'CHttpException' with message 'РќРµРІРѕР·РјРѕР¶РЅРѕ РѕР±СЂР°Р±РѕС‚Р°С‚СЊ Р·Р°РїСЂРѕСЃ "js/jqwidgets/styles/images/sunny/ui-bg_glass_65_ffffff_1x400.png".' in D:\Work\Home\LS\framework\web\CWebApplication.php:286
Stack trace:
#0 D:\Work\Home\LS\framework\web\CWebApplication.php(141): CWebApplication->runController('js/jqwidgets/st...')
#1 D:\Work\Home\LS\framework\base\CApplication.php(185): CWebApplication->processRequest()
#2 D:\Work\Home\LS\index.php(13): CApplication->run()
#3 {main}
REQUEST_URI=/js/jqwidgets/styles/images/sunny/ui-bg_glass_65_ffffff_1x400.png
HTTP_REFERER=http://ls.ru/js/jqwidgets/styles/jqx.ui-sunny.css
---
2018/09/16 20:08:38 [error] [exception.CHttpException.404] exception 'CHttpException' with message 'РќРµРІРѕР·РјРѕР¶РЅРѕ РѕР±СЂР°Р±РѕС‚Р°С‚СЊ Р·Р°РїСЂРѕСЃ "js/jqwidgets/styles/images/sunny/ui-bg_glass_65_ffffff_1x400.png".' in D:\Work\Home\LS\framework\web\CWebApplication.php:286
Stack trace:
#0 D:\Work\Home\LS\framework\web\CWebApplication.php(141): CWebApplication->runController('js/jqwidgets/st...')
#1 D:\Work\Home\LS\framework\base\CApplication.php(185): CWebApplication->processRequest()
#2 D:\Work\Home\LS\index.php(13): CApplication->run()
#3 {main}
REQUEST_URI=/js/jqwidgets/styles/images/sunny/ui-bg_glass_65_ffffff_1x400.png
HTTP_REFERER=http://ls.ru/js/jqwidgets/styles/jqx.ui-sunny.css
---
2018/09/16 20:08:40 [error] [exception.CHttpException.404] exception 'CHttpException' with message 'РќРµРІРѕР·РјРѕР¶РЅРѕ РѕР±СЂР°Р±РѕС‚Р°С‚СЊ Р·Р°РїСЂРѕСЃ "js/jqwidgets/styles/images/sunny/ui-bg_glass_65_ffffff_1x400.png".' in D:\Work\Home\LS\framework\web\CWebApplication.php:286
Stack trace:
#0 D:\Work\Home\LS\framework\web\CWebApplication.php(141): CWebApplication->runController('js/jqwidgets/st...')
#1 D:\Work\Home\LS\framework\base\CApplication.php(185): CWebApplication->processRequest()
#2 D:\Work\Home\LS\index.php(13): CApplication->run()
#3 {main}
REQUEST_URI=/js/jqwidgets/styles/images/sunny/ui-bg_glass_65_ffffff_1x400.png
HTTP_REFERER=http://ls.ru/js/jqwidgets/styles/jqx.ui-sunny.css
---
2018/09/16 20:08:41 [error] [exception.CHttpException.404] exception 'CHttpException' with message 'РќРµРІРѕР·РјРѕР¶РЅРѕ РѕР±СЂР°Р±РѕС‚Р°С‚СЊ Р·Р°РїСЂРѕСЃ "js/jqwidgets/styles/images/sunny/ui-bg_glass_65_ffffff_1x400.png".' in D:\Work\Home\LS\framework\web\CWebApplication.php:286
Stack trace:
#0 D:\Work\Home\LS\framework\web\CWebApplication.php(141): CWebApplication->runController('js/jqwidgets/st...')
#1 D:\Work\Home\LS\framework\base\CApplication.php(185): CWebApplication->processRequest()
#2 D:\Work\Home\LS\index.php(13): CApplication->run()
#3 {main}
REQUEST_URI=/js/jqwidgets/styles/images/sunny/ui-bg_glass_65_ffffff_1x400.png
HTTP_REFERER=http://ls.ru/js/jqwidgets/styles/jqx.ui-sunny.css
---
2018/09/16 20:08:53 [error] [exception.CException] exception 'CException' with message 'РќРµ РѕРїСЂРµРґРµР»РµРЅРѕ СЃРІРѕР№СЃС‚РІРѕ "LSErrorManager.ErrorMessages".' in D:\Work\Home\LS\framework\base\CComponent.php:130
Stack trace:
#0 D:\Work\Home\LS\protected\components\LSErrorManager.php(10): CComponent->__get('ErrorMessages')
#1 D:\Work\Home\LS\framework\base\CModule.php(394): LSErrorManager->init()
#2 D:\Work\Home\LS\framework\base\CModule.php(103): CModule->getComponent('errorManager')
#3 D:\Work\Home\LS\protected\controllers\RegionsController.php(53): CModule->__get('errorManager')
#4 D:\Work\Home\LS\framework\web\actions\CInlineAction.php(49): RegionsController->actionCreate()
#5 D:\Work\Home\LS\framework\web\CController.php(308): CInlineAction->runWithParams(Array)
#6 D:\Work\Home\LS\framework\web\filters\CFilterChain.php(134): CController->runAction(Object(CInlineAction))
#7 D:\Work\Home\LS\framework\web\CController.php(1119): CFilterChain->run()
#8 D:\Work\Home\LS\framework\web\filters\CInlineFilter.php(58): CController->filterPostOnly(Object(CFilterChain))
#9 D:\Work\Home\LS\framework\web\filters\CFilterChain.php(131): CInlineFilter->filter(Object(CFilterChain))
#10 D:\Work\Home\LS\framework\web\filters\CFilter.php(40): CFilterChain->run()
#11 D:\Work\Home\LS\framework\web\CController.php(1148): CFilter->filter(Object(CFilterChain))
#12 D:\Work\Home\LS\framework\web\filters\CInlineFilter.php(58): CController->filterAccessControl(Object(CFilterChain))
#13 D:\Work\Home\LS\framework\web\filters\CFilterChain.php(131): CInlineFilter->filter(Object(CFilterChain))
#14 D:\Work\Home\LS\framework\web\CController.php(291): CFilterChain->run()
#15 D:\Work\Home\LS\framework\web\CController.php(265): CController->runActionWithFilters(Object(CInlineAction), Array)
#16 D:\Work\Home\LS\framework\web\CWebApplication.php(282): CController->run('Create')
#17 D:\Work\Home\LS\framework\web\CWebApplication.php(141): CWebApplication->runController('Regions/Create')
#18 D:\Work\Home\LS\framework\base\CApplication.php(185): CWebApplication->processRequest()
#19 D:\Work\Home\LS\index.php(13): CApplication->run()
#20 {main}
REQUEST_URI=/Regions/Create
HTTP_REFERER=http://ls.ru/regions
---
2018/09/16 20:09:16 [error] [exception.CDbException] exception 'CDbException' with message 'CDbConnection failed to open the DB connection: SQLSTATE[HY000] [2002] Попытка установить соединение была безуспешной, т.к. от другого компьютера за требуемое время не получен нужный отклик, или было разорвано уже установленное соединение из-за неверного отклика уже подключенного компьютера.
' in D:\Work\Home\LS\framework\db\CDbConnection.php:399
Stack trace:
#0 D:\Work\Home\LS\framework\db\CDbConnection.php(347): CDbConnection->open()
#1 D:\Work\Home\LS\framework\db\CDbConnection.php(325): CDbConnection->setActive(true)
#2 D:\Work\Home\LS\framework\base\CModule.php(394): CDbConnection->init()
#3 D:\Work\Home\LS\framework\base\CModule.php(103): CModule->getComponent('db')
#4 D:\Work\Home\LS\protected\components\LSFormModel.php(28): CModule->__get('db')
#5 D:\Work\Home\LS\protected\models\Regions.php(15): LSFormModel->__construct('')
#6 D:\Work\Home\LS\protected\controllers\AjaxDataController.php(31): Regions->__construct()
#7 D:\Work\Home\LS\framework\web\actions\CInlineAction.php(49): AjaxDataController->actionDataJQXSimple()
#8 D:\Work\Home\LS\framework\web\CController.php(308): CInlineAction->runWithParams(Array)
#9 D:\Work\Home\LS\framework\web\filters\CFilterChain.php(134): CController->runAction(Object(CInlineAction))
#10 D:\Work\Home\LS\framework\web\filters\CFilter.php(40): CFilterChain->run()
#11 D:\Work\Home\LS\framework\web\CController.php(1148): CFilter->filter(Object(CFilterChain))
#12 D:\Work\Home\LS\framework\web\filters\CInlineFilter.php(58): CController->filterAccessControl(Object(CFilterChain))
#13 D:\Work\Home\LS\framework\web\filters\CFilterChain.php(131): CInlineFilter->filter(Object(CFilterChain))
#14 D:\Work\Home\LS\framework\web\CController.php(291): CFilterChain->run()
#15 D:\Work\Home\LS\framework\web\CController.php(265): CController->runActionWithFilters(Object(CInlineAction), Array)
#16 D:\Work\Home\LS\framework\web\CWebApplication.php(282): CController->run('DataJQXSimple')
#17 D:\Work\Home\LS\framework\web\CWebApplication.php(141): CWebApplication->runController('AjaxData/DataJQ...')
#18 D:\Work\Home\LS\framework\base\CApplication.php(185): CWebApplication->processRequest()
#19 D:\Work\Home\LS\index.php(13): CApplication->run()
#20 {main}
REQUEST_URI=/index.php/AjaxData/DataJQXSimple?ModelName=Regions
HTTP_REFERER=http://ls.ru/regions
---
2018/09/16 20:09:57 [error] [exception.CDbException] exception 'CDbException' with message 'CDbConnection failed to open the DB connection: SQLSTATE[HY000] [2002] Попытка установить соединение была безуспешной, т.к. от другого компьютера за требуемое время не получен нужный отклик, или было разорвано уже установленное соединение из-за неверного отклика уже подключенного компьютера.
' in D:\Work\Home\LS\framework\db\CDbConnection.php:399
Stack trace:
#0 D:\Work\Home\LS\framework\db\CDbConnection.php(347): CDbConnection->open()
#1 D:\Work\Home\LS\framework\db\CDbConnection.php(325): CDbConnection->setActive(true)
#2 D:\Work\Home\LS\framework\base\CModule.php(394): CDbConnection->init()
#3 D:\Work\Home\LS\framework\base\CModule.php(103): CModule->getComponent('db')
#4 D:\Work\Home\LS\protected\components\LSFormModel.php(28): CModule->__get('db')
#5 D:\Work\Home\LS\protected\models\Users.php(14): LSFormModel->__construct('')
#6 D:\Work\Home\LS\protected\components\WebUser.php(15): Users->__construct()
#7 D:\Work\Home\LS\protected\components\WebUser.php(8): WebUser->getModel()
#8 D:\Work\Home\LS\protected\components\LSPhpAuthManager.php(16): WebUser->getRole()
#9 D:\Work\Home\LS\framework\base\CModule.php(394): LSPhpAuthManager->init()
#10 D:\Work\Home\LS\framework\web\CWebApplication.php(185): CModule->getComponent('authManager')
#11 D:\Work\Home\LS\framework\web\auth\CWebUser.php(817): CWebApplication->getAuthManager()
#12 D:\Work\Home\LS\framework\web\auth\CAccessControlFilter.php(347): CWebUser->checkAccess('create_user')
#13 D:\Work\Home\LS\framework\web\auth\CAccessControlFilter.php(285): CAccessRule->isRoleMatched(Object(WebUser))
#14 D:\Work\Home\LS\framework\web\auth\CAccessControlFilter.php(138): CAccessRule->isUserAllowed(Object(WebUser), Object(RegionsController), Object(CInlineAction), '127.0.0.1', 'POST')
#15 D:\Work\Home\LS\framework\web\filters\CFilter.php(38): CAccessControlFilter->preFilter(Object(CFilterChain))
#16 D:\Work\Home\LS\framework\web\CController.php(1148): CFilter->filter(Object(CFilterChain))
#17 D:\Work\Home\LS\framework\web\filters\CInlineFilter.php(58): CController->filterAccessControl(Object(CFilterChain))
#18 D:\Work\Home\LS\framework\web\filters\CFilterChain.php(131): CInlineFilter->filter(Object(CFilterChain))
#19 D:\Work\Home\LS\framework\web\CController.php(291): CFilterChain->run()
#20 D:\Work\Home\LS\framework\web\CController.php(265): CController->runActionWithFilters(Object(CInlineAction), Array)
#21 D:\Work\Home\LS\framework\web\CWebApplication.php(282): CController->run('Create')
#22 D:\Work\Home\LS\framework\web\CWebApplication.php(141): CWebApplication->runController('Regions/Create')
#23 D:\Work\Home\LS\framework\base\CApplication.php(185): CWebApplication->processRequest()
#24 D:\Work\Home\LS\index.php(13): CApplication->run()
#25 {main}
REQUEST_URI=/Regions/Create
HTTP_REFERER=http://ls.ru/regions
---
2018/09/16 21:11:15 [error] [exception.CHttpException.404] exception 'CHttpException' with message 'РќРµРІРѕР·РјРѕР¶РЅРѕ РѕР±СЂР°Р±РѕС‚Р°С‚СЊ Р·Р°РїСЂРѕСЃ "js/jqwidgets/styles/images/sunny/ui-bg_glass_65_ffffff_1x400.png".' in D:\Work\Home\LS\framework\web\CWebApplication.php:286
Stack trace:
#0 D:\Work\Home\LS\framework\web\CWebApplication.php(141): CWebApplication->runController('js/jqwidgets/st...')
#1 D:\Work\Home\LS\framework\base\CApplication.php(185): CWebApplication->processRequest()
#2 D:\Work\Home\LS\index.php(13): CApplication->run()
#3 {main}
REQUEST_URI=/js/jqwidgets/styles/images/sunny/ui-bg_glass_65_ffffff_1x400.png
HTTP_REFERER=http://ls.ru/js/jqwidgets/styles/jqx.ui-sunny.css
---
